<?xml version="1.0" encoding="UTF-8"?>
<testng-results skipped="0" failed="0" ignored="0" total="1" passed="1">
  <reporter-output>
  </reporter-output>
  <suite name="Default suite" duration-ms="37" started-at="2018-09-06T06:52:36Z" finished-at="2018-09-06T06:52:36Z">
    <groups>
    </groups>
    <test name="Default test" duration-ms="37" started-at="2018-09-06T06:52:36Z" finished-at="2018-09-06T06:52:36Z">
      <class name="string.ReverseString">
        <test-method status="PASS" signature="way2()[pri:0, instance:string.ReverseString@e26948]" name="way2" duration-ms="9" started-at="2018-09-06T06:52:36Z" finished-at="2018-09-06T06:52:36Z">
          <reporter-output>
          </reporter-output>
        </test-method> <!-- way2 -->
      </class> <!-- string.ReverseString -->
    </test> <!-- Default test -->
  </suite> <!-- Default suite -->
</testng-results>
